{
  "RSpec": {
    "coverage": {
      "/Users/aphilosopher30/Desktop/Programing_2025/graph_explorer/app/helpers/application_helper.rb": {
        "lines": [
          1,
          null
        ]
      },
      "/Users/aphilosopher30/Desktop/Programing_2025/graph_explorer/app/models/room.rb": {
        "lines": [
          1,
          1,
          null,
          1,
          1,
          null,
          1,
          null,
          null
        ]
      },
      "/Users/aphilosopher30/Desktop/Programing_2025/graph_explorer/app/controllers/application_controller.rb": {
        "lines": [
          0,
          null,
          0,
          0
        ],
        "branches": {}
      },
      "/Users/aphilosopher30/Desktop/Programing_2025/graph_explorer/app/jobs/application_job.rb": {
        "lines": [
          0,
          null,
          null,
          null,
          null,
          null,
          0
        ],
        "branches": {}
      },
      "/Users/aphilosopher30/Desktop/Programing_2025/graph_explorer/app/mailers/application_mailer.rb": {
        "lines": [
          0,
          0,
          0,
          0
        ],
        "branches": {}
      }
    },
    "timestamp": 1746558445
  }
}
